Build started 4/4/2011 6:58:56 PM.
     1>Project "F:\CS238\Project_3\Project_3b\Project.vcxproj" on node 2 (build target(s)).
     1>InitializeBuildStatus:
         Touching "Debug\Project.unsuccessfulbuild".
       _MASM:
       Skipping target "_MASM" because all output files are up-to-date with respect to the input files.
       Link:
         C:\Program Files (x86)\Microsoft Visual Studio 10.0\VC\bin\link.exe /ERRORREPORT:PROMPT /OUT:"F:\CS238\Project_3\Project_3b\Debug\Project.exe" /NOLOGO /LIBPATH:d:\Irvine user32.lib irvine32.lib kernel32.lib user32.lib gdi32.lib winspool.lib comdlg32.lib advapi32.lib shell32.lib ole32.lib oleaut32.lib uuid.lib odbc32.lib odbccp32.lib /MANIFEST /ManifestFile:"Debug\Project.exe.intermediate.manifest" /MANIFESTUAC:"level='asInvoker' uiAccess='false'" /DEBUG /PDB:"F:\CS238\Project_3\Project_3b\Debug\Project.pdb" /SUBSYSTEM:CONSOLE /TLBID:1 /DYNAMICBASE:NO /IMPLIB:"F:\CS238\Project_3\Project_3b\Debug\Project.lib" /MACHINE:X86 Debug\main.obj
     1>LINK : fatal error LNK1104: cannot open file 'irvine32.lib'
     1>Done Building Project "F:\CS238\Project_3\Project_3b\Project.vcxproj" (build target(s)) -- FAILED.

Build FAILED.

Time Elapsed 00:00:04.92
